<?xml version="1.0" encoding="UTF-8"?>
<testng-results skipped="0" failed="0" ignored="0" total="10" passed="10">
  <reporter-output>
  </reporter-output>
  <suite name="book-flight-module" duration-ms="48443" started-at="2020-05-12T12:39:41Z" finished-at="2020-05-12T12:40:29Z">
    <groups>
    </groups>
    <test name="book-flight-3" duration-ms="30722" started-at="2020-05-12T12:39:41Z" finished-at="2020-05-12T12:40:12Z">
      <class name="com.newtours.tests.BookFlightTests">
        <test-method status="PASS" signature="setupDriver()[pri:0, instance:com.newtours.tests.BookFlightTests@129a8472]" name="setupDriver" is-config="true" duration-ms="17864" started-at="2020-05-12T12:39:41Z" finished-at="2020-05-12T12:39:59Z">
          <reporter-output>
          </reporter-output>
        </test-method> <!-- setupDriver -->
        <test-method status="PASS" signature="setupParameters(java.lang.String, java.lang.String)[pri:0, instance:com.newtours.tests.BookFlightTests@129a8472]" name="setupParameters" is-config="true" duration-ms="6" started-at="2020-05-12T12:39:59Z" depends-on-methods="Test.BaseTest.setupDriver" finished-at="2020-05-12T12:39:59Z">
          <params>
            <param index="0">
              <value>
                <![CDATA[3]]>
              </value>
            </param>
            <param index="1">
              <value>
                <![CDATA[$1753 USD]]>
              </value>
            </param>
          </params>
          <reporter-output>
          </reporter-output>
        </test-method> <!-- setupParameters -->
        <test-method status="PASS" signature="registrationPage()[pri:0, instance:com.newtours.tests.BookFlightTests@129a8472]" name="registrationPage" duration-ms="4879" started-at="2020-05-12T12:39:59Z" finished-at="2020-05-12T12:40:04Z">
          <reporter-output>
          </reporter-output>
        </test-method> <!-- registrationPage -->
        <test-method status="PASS" signature="RegistrationConfirmationPage()[pri:0, instance:com.newtours.tests.BookFlightTests@129a8472]" name="RegistrationConfirmationPage" duration-ms="987" started-at="2020-05-12T12:40:04Z" depends-on-methods="com.newtours.tests.BookFlightTests.registrationPage" finished-at="2020-05-12T12:40:05Z">
          <reporter-output>
          </reporter-output>
        </test-method> <!-- RegistrationConfirmationPage -->
        <test-method status="PASS" signature="flightDetailsPage()[pri:0, instance:com.newtours.tests.BookFlightTests@129a8472]" name="flightDetailsPage" duration-ms="1589" started-at="2020-05-12T12:40:05Z" depends-on-methods="com.newtours.tests.BookFlightTests.RegistrationConfirmationPage" finished-at="2020-05-12T12:40:06Z">
          <reporter-output>
          </reporter-output>
        </test-method> <!-- flightDetailsPage -->
        <test-method status="PASS" signature="findFlightPage()[pri:0, instance:com.newtours.tests.BookFlightTests@129a8472]" name="findFlightPage" duration-ms="2530" started-at="2020-05-12T12:40:06Z" depends-on-methods="com.newtours.tests.BookFlightTests.flightDetailsPage" finished-at="2020-05-12T12:40:09Z">
          <reporter-output>
          </reporter-output>
        </test-method> <!-- findFlightPage -->
        <test-method status="PASS" signature="flightConfirmationPAge()[pri:0, instance:com.newtours.tests.BookFlightTests@129a8472]" name="flightConfirmationPAge" duration-ms="1563" started-at="2020-05-12T12:40:09Z" depends-on-methods="com.newtours.tests.BookFlightTests.findFlightPage" finished-at="2020-05-12T12:40:10Z">
          <reporter-output>
          </reporter-output>
        </test-method> <!-- flightConfirmationPAge -->
        <test-method status="PASS" signature="tearDown()[pri:0, instance:com.newtours.tests.BookFlightTests@129a8472]" name="tearDown" is-config="true" duration-ms="1261" started-at="2020-05-12T12:40:10Z" finished-at="2020-05-12T12:40:12Z">
          <reporter-output>
          </reporter-output>
        </test-method> <!-- tearDown -->
      </class> <!-- com.newtours.tests.BookFlightTests -->
    </test> <!-- book-flight-3 -->
    <test name="book-flight-2" duration-ms="48443" started-at="2020-05-12T12:39:41Z" finished-at="2020-05-12T12:40:29Z">
      <class name="com.newtours.tests.BookFlightTests">
        <test-method status="PASS" signature="setupDriver()[pri:0, instance:com.newtours.tests.BookFlightTests@649d209a]" name="setupDriver" is-config="true" duration-ms="37364" started-at="2020-05-12T12:39:41Z" finished-at="2020-05-12T12:40:18Z">
          <reporter-output>
          </reporter-output>
        </test-method> <!-- setupDriver -->
        <test-method status="PASS" signature="setupParameters(java.lang.String, java.lang.String)[pri:0, instance:com.newtours.tests.BookFlightTests@649d209a]" name="setupParameters" is-config="true" duration-ms="0" started-at="2020-05-12T12:40:18Z" depends-on-methods="Test.BaseTest.setupDriver" finished-at="2020-05-12T12:40:18Z">
          <params>
            <param index="0">
              <value>
                <![CDATA[2]]>
              </value>
            </param>
            <param index="1">
              <value>
                <![CDATA[$1169 USD]]>
              </value>
            </param>
          </params>
          <reporter-output>
          </reporter-output>
        </test-method> <!-- setupParameters -->
        <test-method status="PASS" signature="registrationPage()[pri:0, instance:com.newtours.tests.BookFlightTests@649d209a]" name="registrationPage" duration-ms="4436" started-at="2020-05-12T12:40:18Z" finished-at="2020-05-12T12:40:23Z">
          <reporter-output>
          </reporter-output>
        </test-method> <!-- registrationPage -->
        <test-method status="PASS" signature="RegistrationConfirmationPage()[pri:0, instance:com.newtours.tests.BookFlightTests@649d209a]" name="RegistrationConfirmationPage" duration-ms="990" started-at="2020-05-12T12:40:23Z" depends-on-methods="com.newtours.tests.BookFlightTests.registrationPage" finished-at="2020-05-12T12:40:24Z">
          <reporter-output>
          </reporter-output>
        </test-method> <!-- RegistrationConfirmationPage -->
        <test-method status="PASS" signature="flightDetailsPage()[pri:0, instance:com.newtours.tests.BookFlightTests@649d209a]" name="flightDetailsPage" duration-ms="1353" started-at="2020-05-12T12:40:24Z" depends-on-methods="com.newtours.tests.BookFlightTests.RegistrationConfirmationPage" finished-at="2020-05-12T12:40:25Z">
          <reporter-output>
          </reporter-output>
        </test-method> <!-- flightDetailsPage -->
        <test-method status="PASS" signature="findFlightPage()[pri:0, instance:com.newtours.tests.BookFlightTests@649d209a]" name="findFlightPage" duration-ms="2111" started-at="2020-05-12T12:40:25Z" depends-on-methods="com.newtours.tests.BookFlightTests.flightDetailsPage" finished-at="2020-05-12T12:40:27Z">
          <reporter-output>
          </reporter-output>
        </test-method> <!-- findFlightPage -->
        <test-method status="PASS" signature="flightConfirmationPAge()[pri:0, instance:com.newtours.tests.BookFlightTests@649d209a]" name="flightConfirmationPAge" duration-ms="1412" started-at="2020-05-12T12:40:27Z" depends-on-methods="com.newtours.tests.BookFlightTests.findFlightPage" finished-at="2020-05-12T12:40:29Z">
          <reporter-output>
          </reporter-output>
        </test-method> <!-- flightConfirmationPAge -->
        <test-method status="PASS" signature="tearDown()[pri:0, instance:com.newtours.tests.BookFlightTests@649d209a]" name="tearDown" is-config="true" duration-ms="770" started-at="2020-05-12T12:40:29Z" finished-at="2020-05-12T12:40:29Z">
          <reporter-output>
          </reporter-output>
        </test-method> <!-- tearDown -->
      </class> <!-- com.newtours.tests.BookFlightTests -->
    </test> <!-- book-flight-2 -->
  </suite> <!-- book-flight-module -->
</testng-results>
