<?xml version="1.0" encoding="UTF-8"?>
<testng-results skipped="0" failed="0" ignored="0" total="10" passed="10">
  <reporter-output>
  </reporter-output>
  <suite name="book-flight-module" duration-ms="33004" started-at="2020-05-03T14:40:03Z" finished-at="2020-05-03T14:40:36Z">
    <groups>
    </groups>
    <test name="book-flight-3" duration-ms="18942" started-at="2020-05-03T14:40:03Z" finished-at="2020-05-03T14:40:22Z">
      <class name="com.newtours.tests.BookFlightTests">
        <test-method status="PASS" signature="setupDriver()[pri:0, instance:com.newtours.tests.BookFlightTests@129a8472]" name="setupDriver" is-config="true" duration-ms="7103" started-at="2020-05-03T14:40:03Z" finished-at="2020-05-03T14:40:10Z">
          <reporter-output>
          </reporter-output>
        </test-method> <!-- setupDriver -->
        <test-method status="PASS" signature="setupParameters(java.lang.String, java.lang.String)[pri:0, instance:com.newtours.tests.BookFlightTests@129a8472]" name="setupParameters" is-config="true" duration-ms="6" started-at="2020-05-03T14:40:10Z" depends-on-methods="Test.BaseTest.setupDriver" finished-at="2020-05-03T14:40:10Z">
          <params>
            <param index="0">
              <value>
                <![CDATA[3]]>
              </value>
            </param>
            <param index="1">
              <value>
                <![CDATA[$1753 USD]]>
              </value>
            </param>
          </params>
          <reporter-output>
          </reporter-output>
        </test-method> <!-- setupParameters -->
        <test-method status="PASS" signature="registrationPage()[pri:0, instance:com.newtours.tests.BookFlightTests@129a8472]" name="registrationPage" duration-ms="5636" started-at="2020-05-03T14:40:10Z" finished-at="2020-05-03T14:40:15Z">
          <reporter-output>
          </reporter-output>
        </test-method> <!-- registrationPage -->
        <test-method status="PASS" signature="RegistrationConfirmationPage()[pri:0, instance:com.newtours.tests.BookFlightTests@129a8472]" name="RegistrationConfirmationPage" duration-ms="876" started-at="2020-05-03T14:40:15Z" depends-on-methods="com.newtours.tests.BookFlightTests.registrationPage" finished-at="2020-05-03T14:40:16Z">
          <reporter-output>
          </reporter-output>
        </test-method> <!-- RegistrationConfirmationPage -->
        <test-method status="PASS" signature="flightDetailsPage()[pri:0, instance:com.newtours.tests.BookFlightTests@129a8472]" name="flightDetailsPage" duration-ms="1150" started-at="2020-05-03T14:40:16Z" depends-on-methods="com.newtours.tests.BookFlightTests.RegistrationConfirmationPage" finished-at="2020-05-03T14:40:17Z">
          <reporter-output>
          </reporter-output>
        </test-method> <!-- flightDetailsPage -->
        <test-method status="PASS" signature="findFlightPage()[pri:0, instance:com.newtours.tests.BookFlightTests@129a8472]" name="findFlightPage" duration-ms="2494" started-at="2020-05-03T14:40:17Z" depends-on-methods="com.newtours.tests.BookFlightTests.flightDetailsPage" finished-at="2020-05-03T14:40:20Z">
          <reporter-output>
          </reporter-output>
        </test-method> <!-- findFlightPage -->
        <test-method status="PASS" signature="flightConfirmationPAge()[pri:0, instance:com.newtours.tests.BookFlightTests@129a8472]" name="flightConfirmationPAge" duration-ms="1562" started-at="2020-05-03T14:40:20Z" depends-on-methods="com.newtours.tests.BookFlightTests.findFlightPage" finished-at="2020-05-03T14:40:21Z">
          <reporter-output>
          </reporter-output>
        </test-method> <!-- flightConfirmationPAge -->
        <test-method status="PASS" signature="tearDown()[pri:0, instance:com.newtours.tests.BookFlightTests@129a8472]" name="tearDown" is-config="true" duration-ms="73" started-at="2020-05-03T14:40:21Z" finished-at="2020-05-03T14:40:22Z">
          <reporter-output>
          </reporter-output>
        </test-method> <!-- tearDown -->
      </class> <!-- com.newtours.tests.BookFlightTests -->
    </test> <!-- book-flight-3 -->
    <test name="book-flight-2" duration-ms="33004" started-at="2020-05-03T14:40:03Z" finished-at="2020-05-03T14:40:36Z">
      <class name="com.newtours.tests.BookFlightTests">
        <test-method status="PASS" signature="setupDriver()[pri:0, instance:com.newtours.tests.BookFlightTests@649d209a]" name="setupDriver" is-config="true" duration-ms="20391" started-at="2020-05-03T14:40:03Z" finished-at="2020-05-03T14:40:23Z">
          <reporter-output>
          </reporter-output>
        </test-method> <!-- setupDriver -->
        <test-method status="PASS" signature="setupParameters(java.lang.String, java.lang.String)[pri:0, instance:com.newtours.tests.BookFlightTests@649d209a]" name="setupParameters" is-config="true" duration-ms="0" started-at="2020-05-03T14:40:23Z" depends-on-methods="Test.BaseTest.setupDriver" finished-at="2020-05-03T14:40:23Z">
          <params>
            <param index="0">
              <value>
                <![CDATA[2]]>
              </value>
            </param>
            <param index="1">
              <value>
                <![CDATA[$1169 USD]]>
              </value>
            </param>
          </params>
          <reporter-output>
          </reporter-output>
        </test-method> <!-- setupParameters -->
        <test-method status="PASS" signature="registrationPage()[pri:0, instance:com.newtours.tests.BookFlightTests@649d209a]" name="registrationPage" duration-ms="3852" started-at="2020-05-03T14:40:23Z" finished-at="2020-05-03T14:40:27Z">
          <reporter-output>
          </reporter-output>
        </test-method> <!-- registrationPage -->
        <test-method status="PASS" signature="RegistrationConfirmationPage()[pri:0, instance:com.newtours.tests.BookFlightTests@649d209a]" name="RegistrationConfirmationPage" duration-ms="2457" started-at="2020-05-03T14:40:27Z" depends-on-methods="com.newtours.tests.BookFlightTests.registrationPage" finished-at="2020-05-03T14:40:29Z">
          <reporter-output>
          </reporter-output>
        </test-method> <!-- RegistrationConfirmationPage -->
        <test-method status="PASS" signature="flightDetailsPage()[pri:0, instance:com.newtours.tests.BookFlightTests@649d209a]" name="flightDetailsPage" duration-ms="1012" started-at="2020-05-03T14:40:29Z" depends-on-methods="com.newtours.tests.BookFlightTests.RegistrationConfirmationPage" finished-at="2020-05-03T14:40:30Z">
          <reporter-output>
          </reporter-output>
        </test-method> <!-- flightDetailsPage -->
        <test-method status="PASS" signature="findFlightPage()[pri:0, instance:com.newtours.tests.BookFlightTests@649d209a]" name="findFlightPage" duration-ms="3842" started-at="2020-05-03T14:40:30Z" depends-on-methods="com.newtours.tests.BookFlightTests.flightDetailsPage" finished-at="2020-05-03T14:40:34Z">
          <reporter-output>
          </reporter-output>
        </test-method> <!-- findFlightPage -->
        <test-method status="PASS" signature="flightConfirmationPAge()[pri:0, instance:com.newtours.tests.BookFlightTests@649d209a]" name="flightConfirmationPAge" duration-ms="1337" started-at="2020-05-03T14:40:34Z" depends-on-methods="com.newtours.tests.BookFlightTests.findFlightPage" finished-at="2020-05-03T14:40:35Z">
          <reporter-output>
          </reporter-output>
        </test-method> <!-- flightConfirmationPAge -->
        <test-method status="PASS" signature="tearDown()[pri:0, instance:com.newtours.tests.BookFlightTests@649d209a]" name="tearDown" is-config="true" duration-ms="79" started-at="2020-05-03T14:40:35Z" finished-at="2020-05-03T14:40:36Z">
          <reporter-output>
          </reporter-output>
        </test-method> <!-- tearDown -->
      </class> <!-- com.newtours.tests.BookFlightTests -->
    </test> <!-- book-flight-2 -->
  </suite> <!-- book-flight-module -->
</testng-results>
